client/android/app/build-novpn/intermediates/manifest_merge_blame_file/debug/processDebugMainManifest/manifest-merger-blame-debug-report.txt
1<?xml version="1.0" encoding="utf-8"?>
2<manifest xmlns:android="http://schemas.android.com/apk/res/android"
3    package="safety.turtle"
4    android:versionCode="1"
5    android:versionName="0.1.0" >
6
7    <uses-sdk
8        android:minSdkVersion="26"
9        android:targetSdkVersion="35" />
10
11    <uses-permission android:name="android.permission.INTERNET" />
11-->src\main\AndroidManifest.xml:4:5-67
11-->src\main\AndroidManifest.xml:4:22-64
12    <uses-permission android:name="android.permission.FOREGROUND_SERVICE" />
12-->src\main\AndroidManifest.xml:5:5-77
12-->src\main\AndroidManifest.xml:5:22-74
13    <uses-permission android:name="android.permission.FOREGROUND_SERVICE_SPECIAL_USE" />
13-->src\main\AndroidManifest.xml:6:5-89
13-->src\main\AndroidManifest.xml:6:22-86
14    <uses-permission android:name="android.permission.PACKAGE_USAGE_STATS" />
14-->src\main\AndroidManifest.xml:7:5-78
14-->src\main\AndroidManifest.xml:7:22-75
15
16    <queries>
16-->src\main\AndroidManifest.xml:9:5-14:15
17        <intent>
17-->src\main\AndroidManifest.xml:10:9-13:18
18            <action android:name="android.intent.action.MAIN" />
18-->src\main\AndroidManifest.xml:11:13-65
18-->src\main\AndroidManifest.xml:11:21-62
19
20            <category android:name="android.intent.category.LAUNCHER" />
20-->src\main\AndroidManifest.xml:12:13-73
20-->src\main\AndroidManifest.xml:12:23-70
21        </intent>
22    </queries>
23
24    <permission
24-->[androidx.core:core:1.15.0] AndroidManifest.xml:22:5-24:47
25        android:name="safety.turtle.DYNAMIC_RECEIVER_NOT_EXPORTED_PERMISSION"
25-->[androidx.core:core:1.15.0] AndroidManifest.xml:23:9-81
26        android:protectionLevel="signature" />
26-->[androidx.core:core:1.15.0] AndroidManifest.xml:24:9-44
27
28    <uses-permission android:name="safety.turtle.DYNAMIC_RECEIVER_NOT_EXPORTED_PERMISSION" />
28-->[androidx.core:core:1.15.0] AndroidManifest.xml:26:5-97
28-->[androidx.core:core:1.15.0] AndroidManifest.xml:26:22-94
29
30    <application
31        android:allowBackup="true"
31-->src\main\AndroidManifest.xml:17:9-35
32        android:appComponentFactory="androidx.core.app.CoreComponentFactory"
32-->[androidx.core:core:1.15.0] AndroidManifest.xml:28:18-86
33        android:debuggable="true"
34        android:extractNativeLibs="true"
35        android:icon="@mipmap/ic_launcher"
35-->src\main\AndroidManifest.xml:18:9-43
36        android:label="Safety Turtle"
36-->src\main\AndroidManifest.xml:20:9-36
37        android:roundIcon="@mipmap/ic_launcher_round"
37-->src\main\AndroidManifest.xml:19:9-54
38        android:supportsRtl="true"
38-->src\main\AndroidManifest.xml:23:9-35
39        android:theme="@style/Theme.NoVPN"
39-->src\main\AndroidManifest.xml:22:9-43
40        android:usesCleartextTraffic="true" >
40-->src\main\AndroidManifest.xml:21:9-44
41        <activity
41-->src\main\AndroidManifest.xml:25:9-32:20
42            android:name="com.novpn.ui.MainActivity"
42-->src\main\AndroidManifest.xml:26:13-44
43            android:exported="true" >
43-->src\main\AndroidManifest.xml:27:13-36
44            <intent-filter>
44-->src\main\AndroidManifest.xml:28:13-31:29
45                <action android:name="android.intent.action.MAIN" />
45-->src\main\AndroidManifest.xml:11:13-65
45-->src\main\AndroidManifest.xml:11:21-62
46
47                <category android:name="android.intent.category.LAUNCHER" />
47-->src\main\AndroidManifest.xml:12:13-73
47-->src\main\AndroidManifest.xml:12:23-70
48            </intent-filter>
49        </activity>
50        <activity
50-->src\main\AndroidManifest.xml:34:9-36:40
51            android:name="com.novpn.ui.SettingsActivity"
51-->src\main\AndroidManifest.xml:35:13-48
52            android:exported="false" />
52-->src\main\AndroidManifest.xml:36:13-37
53
54        <receiver
54-->src\main\AndroidManifest.xml:38:9-45:20
55            android:name="com.novpn.split.RuAppInstallReceiver"
55-->src\main\AndroidManifest.xml:39:13-55
56            android:exported="false" >
56-->src\main\AndroidManifest.xml:40:13-37
57            <intent-filter>
57-->src\main\AndroidManifest.xml:41:13-44:29
58                <action android:name="android.intent.action.PACKAGE_ADDED" />
58-->src\main\AndroidManifest.xml:42:17-78
58-->src\main\AndroidManifest.xml:42:25-75
59
60                <data android:scheme="package" />
60-->src\main\AndroidManifest.xml:43:17-50
60-->src\main\AndroidManifest.xml:43:23-47
61            </intent-filter>
62        </receiver>
63
64        <service
64-->src\main\AndroidManifest.xml:47:9-58:19
65            android:name="com.novpn.vpn.NoVpnService"
65-->src\main\AndroidManifest.xml:48:13-45
66            android:exported="false"
66-->src\main\AndroidManifest.xml:49:13-37
67            android:foregroundServiceType="specialUse"
67-->src\main\AndroidManifest.xml:50:13-55
68            android:permission="android.permission.BIND_VPN_SERVICE" >
68-->src\main\AndroidManifest.xml:51:13-69
69            <property
69-->src\main\AndroidManifest.xml:52:13-54:76
70                android:name="android.app.PROPERTY_SPECIAL_USE_FGS_SUBTYPE"
70-->src\main\AndroidManifest.xml:53:17-76
71                android:value="vpn_core_runtime_and_obfuscation_sidecar" />
71-->src\main\AndroidManifest.xml:54:17-73
72
73            <intent-filter>
73-->src\main\AndroidManifest.xml:55:13-57:29
74                <action android:name="android.net.VpnService" />
74-->src\main\AndroidManifest.xml:56:17-65
74-->src\main\AndroidManifest.xml:56:25-62
75            </intent-filter>
76        </service>
77
78        <provider
78-->[androidx.emoji2:emoji2:1.3.0] AndroidManifest.xml:24:9-32:20
79            android:name="androidx.startup.InitializationProvider"
79-->[androidx.emoji2:emoji2:1.3.0] AndroidManifest.xml:25:13-67
80            android:authorities="safety.turtle.androidx-startup"
80-->[androidx.emoji2:emoji2:1.3.0] AndroidManifest.xml:26:13-68
81            android:exported="false" >
81-->[androidx.emoji2:emoji2:1.3.0] AndroidManifest.xml:27:13-37
82            <meta-data
82-->[androidx.emoji2:emoji2:1.3.0] AndroidManifest.xml:29:13-31:52
83                android:name="androidx.emoji2.text.EmojiCompatInitializer"
83-->[androidx.emoji2:emoji2:1.3.0] AndroidManifest.xml:30:17-75
84                android:value="androidx.startup" />
84-->[androidx.emoji2:emoji2:1.3.0] AndroidManifest.xml:31:17-49
85            <meta-data
85-->[androidx.lifecycle:lifecycle-process:2.8.7] AndroidManifest.xml:29:13-31:52
86                android:name="androidx.lifecycle.ProcessLifecycleInitializer"
86-->[androidx.lifecycle:lifecycle-process:2.8.7] AndroidManifest.xml:30:17-78
87                android:value="androidx.startup" />
87-->[androidx.lifecycle:lifecycle-process:2.8.7] AndroidManifest.xml:31:17-49
88            <meta-data
88-->[androidx.profileinstaller:profileinstaller:1.4.0] AndroidManifest.xml:29:13-31:52
89                android:name="androidx.profileinstaller.ProfileInstallerInitializer"
89-->[androidx.profileinstaller:profileinstaller:1.4.0] AndroidManifest.xml:30:17-85
90                android:value="androidx.startup" />
90-->[androidx.profileinstaller:profileinstaller:1.4.0] AndroidManifest.xml:31:17-49
91        </provider>
92
93        <receiver
93-->[androidx.profileinstaller:profileinstaller:1.4.0] AndroidManifest.xml:34:9-52:20
94            android:name="androidx.profileinstaller.ProfileInstallReceiver"
94-->[androidx.profileinstaller:profileinstaller:1.4.0] AndroidManifest.xml:35:13-76
95            android:directBootAware="false"
95-->[androidx.profileinstaller:profileinstaller:1.4.0] AndroidManifest.xml:36:13-44
96            android:enabled="true"
96-->[androidx.profileinstaller:profileinstaller:1.4.0] AndroidManifest.xml:37:13-35
97            android:exported="true"
97-->[androidx.profileinstaller:profileinstaller:1.4.0] AndroidManifest.xml:38:13-36
98            android:permission="android.permission.DUMP" >
98-->[androidx.profileinstaller:profileinstaller:1.4.0] AndroidManifest.xml:39:13-57
99            <intent-filter>
99-->[androidx.profileinstaller:profileinstaller:1.4.0] AndroidManifest.xml:40:13-42:29
100                <action android:name="androidx.profileinstaller.action.INSTALL_PROFILE" />
100-->[androidx.profileinstaller:profileinstaller:1.4.0] AndroidManifest.xml:41:17-91
100-->[androidx.profileinstaller:profileinstaller:1.4.0] AndroidManifest.xml:41:25-88
101            </intent-filter>
102            <intent-filter>
102-->[androidx.profileinstaller:profileinstaller:1.4.0] AndroidManifest.xml:43:13-45:29
103                <action android:name="androidx.profileinstaller.action.SKIP_FILE" />
103-->[androidx.profileinstaller:profileinstaller:1.4.0] AndroidManifest.xml:44:17-85
103-->[androidx.profileinstaller:profileinstaller:1.4.0] AndroidManifest.xml:44:25-82
104            </intent-filter>
105            <intent-filter>
105-->[androidx.profileinstaller:profileinstaller:1.4.0] AndroidManifest.xml:46:13-48:29
106                <action android:name="androidx.profileinstaller.action.SAVE_PROFILE" />
106-->[androidx.profileinstaller:profileinstaller:1.4.0] AndroidManifest.xml:47:17-88
106-->[androidx.profileinstaller:profileinstaller:1.4.0] AndroidManifest.xml:47:25-85
107            </intent-filter>
108            <intent-filter>
108-->[androidx.profileinstaller:profileinstaller:1.4.0] AndroidManifest.xml:49:13-51:29
109                <action android:name="androidx.profileinstaller.action.BENCHMARK_OPERATION" />
109-->[androidx.profileinstaller:profileinstaller:1.4.0] AndroidManifest.xml:50:17-95
109-->[androidx.profileinstaller:profileinstaller:1.4.0] AndroidManifest.xml:50:25-92
110            </intent-filter>
111        </receiver>
112    </application>
113
114</manifest>